{"devicePlatform":"","logFolder":"C:\\Users\\slk.WSLK1FFTRFW-05\\Katalon Studio\\Demo\\Reports\\demo login\\Test Suite01\\20180725_112024","runData":{"hostName":"slk - WSLK1FFTRFW-05","os":"Windows 7 64bit","katalonVersion":"5.5.0.1","browser":"Firefox 57.0","hostAddress":"10.10.10.14","sessionId":"b9d46bcb-2270-4d6b-a8fe-79bec62ba501","seleniumVersion":"3.7.1","proxyInformation":"ProxyInformation{proxyOption\u003dNO_PROXY, proxyServerType\u003dHTTP, password\u003d, proxyServerAddress\u003d, proxyServerPort\u003d0}","platform":"Windows 7"},"type":"TEST_SUITE","name":"Test Suite01","id":"Test Suites/demo login/Test Suite01","source":"","message":"Test Cases/Demo(login)/test1 FAILED because (of) Variable \u0027a\u0027 is not defined for test case.","description":"","startTime":1532497861989,"endTime":1532497889831,"childRecords":[{"isOptional":false,"type":"TEST_CASE","name":"Test Cases/Demo(login)/test1","id":"Test Cases/Demo(login)/test1","source":"C:\\\\Users\\\\slk.WSLK1FFTRFW-05\\\\Katalon Studio\\\\Demo\\\\Test Cases\\\\Demo(login)\\\\test1.tc","message":"Test Cases/Demo(login)/test1 FAILED because (of) Variable \u0027a\u0027 is not defined for test case.","description":"","startTime":1532497862252,"endTime":1532497889520,"childRecords":[{"testStatus":{"stackTrace":"","statusValue":"INFO"},"type":"MESSAGE","name":"","message":"Evaluating variables for test case","startTime":1532497862269,"endTime":0,"childRecords":[],"interuppted":false},{"index":1,"isIgnoredIfFailed":false,"type":"TEST_STEP","name":"openBrowser","message":"Browser is opened with url: \u0027\u0027","description":"","startTime":1532497862551,"endTime":1532497889514,"childRecords":[{"testStatus":{"stackTrace":"","statusValue":"PASSED"},"type":"MESSAGE","name":"","message":"Browser is opened with url: \u0027\u0027","startTime":1532497889513,"endTime":0,"childRecords":[],"interuppted":false}],"interuppted":false},{"index":2,"isIgnoredIfFailed":false,"type":"TEST_STEP","name":"navigateToUrl","description":"","startTime":1532497889514,"endTime":1532497889516,"childRecords":[],"interuppted":false},{"testStatus":{"stackTrace":"","statusValue":"ERROR"},"type":"MESSAGE","name":"","message":"Test Cases/Demo(login)/test1 FAILED because (of) Variable \u0027a\u0027 is not defined for test case.","startTime":1532497889517,"endTime":0,"childRecords":[],"interuppted":false}],"interuppted":false}],"interuppted":false}