<?xml version="1.0" encoding="UTF-8"?>
<testsuites name="Test Suite01" time="27" tests="0" failures="0" errors="1">
   <testsuite name="Test Suite01" tests="0" failures="0" errors="1" time="27" timestamp="2018-07-25 11:21:01" hostname="slk - WSLK1FFTRFW-05" id="Test Suites/demo login/Test Suite01">
      <properties>
         <property name="deviceName" value=""/>
         <property name="devicePlatform" value=""/>
         <property name="logFolder" value="C:\\Users\\slk.WSLK1FFTRFW-05\\Katalon Studio\\Demo\\Reports\\demo login\\Test Suite01\\20180725_112024"/>
         <property name="logFiles" value="C:\\Users\\slk.WSLK1FFTRFW-05\\Katalon Studio\\Demo\\Reports\\demo login\\Test Suite01\\20180725_112024\\execution0.log"/>
         <property name="attachments" value=""/>
         <property name="hostName" value="slk - WSLK1FFTRFW-05"/>
         <property name="os" value="Windows 7 64bit"/>
         <property name="katalonVersion" value="5.5.0.1"/>
         <property name="browser" value="Firefox 57.0"/>
         <property name="hostAddress" value="10.10.10.14"/>
         <property name="sessionId" value="b9d46bcb-2270-4d6b-a8fe-79bec62ba501"/>
         <property name="seleniumVersion" value="3.7.1"/>
         <property name="proxyInformation" value="ProxyInformation{proxyOption=NO_PROXY, proxyServerType=HTTP, password=, proxyServerAddress=, proxyServerPort=0}"/>
         <property name="platform" value="Windows 7"/>
      </properties>
      <testcase name="Test Cases/Demo(login)/test1" classname="Test Cases/Demo(login)/test1" status="ERROR">
         <error type="ERROR" message="Test Cases/Demo(login)/test1 FAILED because (of) Variable 'a' is not defined for test case."/>
         <system-out><![CDATA[2018-07-25 11:21:02 - [TEST_CASE][ERROR] - Test Cases/Demo(login)/test1: Test Cases/Demo(login)/test1 FAILED because (of) Variable 'a' is not defined for test case.

2018-07-25 11:21:02 - [TEST_STEP][PASSED] - openBrowser: Browser is opened with url: ''

2018-07-25 11:21:29 - [MESSAGE][PASSED] - Browser is opened with url: ''

2018-07-25 11:21:29 - [TEST_STEP][PASSED] - navigateToUrl: null]]></system-out>
         <system-err><![CDATA[2018-07-25 11:21:02 - [TEST_CASE][ERROR] - Test Cases/Demo(login)/test1: Test Cases/Demo(login)/test1 FAILED because (of) Variable 'a' is not defined for test case.]]></system-err>
      </testcase>
      <system-out><![CDATA[2018-07-25 11:21:01 - [TEST_SUITE][ERROR] - Test Suite01: Test Cases/Demo(login)/test1 FAILED because (of) Variable 'a' is not defined for test case.]]></system-out>
      <system-err><![CDATA[2018-07-25 11:21:01 - [TEST_SUITE][ERROR] - Test Suite01: Test Cases/Demo(login)/test1 FAILED because (of) Variable 'a' is not defined for test case.]]></system-err>
   </testsuite>
</testsuites>
